<?xml version="1.0" encoding="utf-8" standalone="no"?>
<!--This file represents the results of running a test suite-->
<test-results name="C:\Users\Peter\dev\XapConfigInjector\XapFileInjector.Test\bin\release\XapFileInjector.Test.dll" total="14" errors="0" failures="0" not-run="0" inconclusive="0" ignored="0" skipped="0" invalid="0" date="2011-10-07" time="21:26:57">
  <environment nunit-version="2.5.10.11092" clr-version="2.0.50727.5446" os-version="Microsoft Windows NT 6.1.7601 Service Pack 1" platform="Win32NT" cwd="C:\Users\Peter\dev\XapConfigInjector" machine-name="DEV1" user="Peter" user-domain="DEV1" />
  <culture-info current-culture="en-GB" current-uiculture="en-US" />
  <test-suite type="Assembly" name="C:\Users\Peter\dev\XapConfigInjector\XapFileInjector.Test\bin\release\XapFileInjector.Test.dll" executed="True" result="Success" success="True" time="0.062" asserts="0">
    <results>
      <test-suite type="Namespace" name="XapFileInjector" executed="True" result="Success" success="True" time="0.062" asserts="0">
        <results>
          <test-suite type="Namespace" name="Test" executed="True" result="Success" success="True" time="0.062" asserts="0">
            <results>
              <test-suite type="TestFixture" name="InjectionInformationTest" executed="True" result="Success" success="True" time="0.062" asserts="0">
                <results>
                  <test-case name="XapFileInjector.Test.InjectionInformationTest.when_creating_with_a_valid_injected_file__should_set_property_to_value" executed="True" result="Success" success="True" time="0.016" asserts="1" />
                  <test-case name="XapFileInjector.Test.InjectionInformationTest.when_creating_with_a_valid_injected_file_name__should_set_property_to_value" executed="True" result="Success" success="True" time="0.000" asserts="1" />
                  <test-case name="XapFileInjector.Test.InjectionInformationTest.when_creating_with_a_valid_input_xap_file__should_set_property_to_value" executed="True" result="Success" success="True" time="0.000" asserts="1" />
                  <test-case name="XapFileInjector.Test.InjectionInformationTest.when_creating_with_a_valid_output_xap_file__should_set_property_to_value" executed="True" result="Success" success="True" time="0.000" asserts="1" />
                  <test-case name="XapFileInjector.Test.InjectionInformationTest.when_creating_with_empty_injected_file_name__should_set_name_property_to_name_of_injected_file" executed="True" result="Success" success="True" time="0.000" asserts="1" />
                  <test-case name="XapFileInjector.Test.InjectionInformationTest.when_creating_with_empty_output_xap_file__should_set_output_property_to_input_value" executed="True" result="Success" success="True" time="0.000" asserts="1" />
                  <test-case name="XapFileInjector.Test.InjectionInformationTest.when_creating_with_injected_file_that_does_not_exist__should_cause_argument_exception" executed="True" result="Success" success="True" time="0.000" asserts="0" />
                  <test-case name="XapFileInjector.Test.InjectionInformationTest.when_creating_with_input_xap_file_that_does_not_exist__should_cause_argument_exception" executed="True" result="Success" success="True" time="0.000" asserts="0" />
                  <test-case name="XapFileInjector.Test.InjectionInformationTest.when_creating_with_no_injected_file__should_cause_argument_exception" executed="True" result="Success" success="True" time="0.000" asserts="0" />
                  <test-case name="XapFileInjector.Test.InjectionInformationTest.when_creating_with_no_injected_file_name__should_set_name_property_to_name_of_injected_file" executed="True" result="Success" success="True" time="0.000" asserts="1" />
                  <test-case name="XapFileInjector.Test.InjectionInformationTest.when_creating_with_no_input_xap_file__should_cause_argument_exception" executed="True" result="Success" success="True" time="0.000" asserts="0" />
                  <test-case name="XapFileInjector.Test.InjectionInformationTest.when_creating_with_no_output_xap_file__should_set_output_property_to_input_value" executed="True" result="Success" success="True" time="0.000" asserts="1" />
                  <test-case name="XapFileInjector.Test.InjectionInformationTest.when_creating_with_no_value_for_injected_file__should_cause_argument_exception" executed="True" result="Success" success="True" time="0.000" asserts="0" />
                  <test-case name="XapFileInjector.Test.InjectionInformationTest.when_creating_with_no_value_for_input_xap_file__should_cause_argument_exception" executed="True" result="Success" success="True" time="0.000" asserts="0" />
                </results>
              </test-suite>
            </results>
          </test-suite>
        </results>
      </test-suite>
    </results>
  </test-suite>
</test-results>